./Makefile:43: illegal token in column 86, giving up (hint: fix the file or remove it from the working set)
./include/circular_buffer.h:1: MAJOR:C-H2
./include/commands.h:1: MAJOR:C-H2
./include/commands.h:15: MAJOR:C-F3
./include/commands.h:30: MINOR:C-L2
./include/commands.h:34: MAJOR:C-F6
./include/commands.h:54: MAJOR:C-F6
./include/commands.h:70: MAJOR:C-F6
./include/commands.h:74: MAJOR:C-F6
./include/reply_codes.h:20: MAJOR:C-F3
./include/reply_codes.h:22: MINOR:C-L3
./include/reply_codes.h:43: MAJOR:C-F3
./include/reply_codes.h:48: MAJOR:C-F3
./include/reply_codes.h:59: MAJOR:C-F3
./include/reply_codes.h:61: MAJOR:C-F3
./include/server.h:1: MAJOR:C-H2
./include/server.h:110: MINOR:C-L2
./include/server.h:116: MAJOR:C-F3
./include/server.h:129: MINOR:C-G8
./lib/debug_command.c:15: MINOR:C-L3
./lib/debug_command.c:21: MINOR:C-L4
./lib/debug_command.o:1: MAJOR:C-O1
./lib/debug_word_array.o:1: MAJOR:C-O1
./lib/get_size_word_array.o:1: MAJOR:C-O1
./lib/my_strcat.o:1: MAJOR:C-O1
./lib/split_str.c:49: MAJOR:C-F4
./lib/split_str.d:1: MAJOR:C-O1
./lib/split_str.o:1: MAJOR:C-O1
./main.c:18: MINOR:C-F8
./main.c:19: MINOR:C-F8
./main.d:1: MAJOR:C-O1
./main.o:1: MAJOR:C-O1
./myftp:1: MAJOR:C-O1
./src/circular_buffer.d:1: MAJOR:C-O1
./src/circular_buffer.o:1: MAJOR:C-O1
./src/circular_buffer/cb_init.o:1: MAJOR:C-O1
./src/circular_buffer/cb_is_full.o:1: MAJOR:C-O1
./src/circular_buffer/cb_pop.c:10: MAJOR:C-H1
./src/circular_buffer/cb_pop.c:12: MINOR:C-F2
./src/circular_buffer/cb_pop.c:25: MINOR:C-F8
./src/circular_buffer/cb_pop.c:27: MINOR:C-F8
./src/circular_buffer/cb_pop.c:28: MINOR:C-F8
./src/circular_buffer/cb_pop.c:30: MINOR:C-F8
./src/circular_buffer/cb_pop.c:31: MINOR:C-F8
./src/circular_buffer/cb_pop.c:47: MINOR:C-L2
./src/circular_buffer/cb_pop.c:56: MAJOR:C-F4
./src/circular_buffer/cb_pop.c:57: MAJOR:C-F4
./src/circular_buffer/cb_pop.c:58: MAJOR:C-F4
./src/circular_buffer/cb_pop.c:59: MAJOR:C-F4
./src/circular_buffer/cb_pop.c:60: MAJOR:C-F4
./src/circular_buffer/cb_pop.c:61: MAJOR:C-F4
./src/circular_buffer/cb_pop.c:62: MAJOR:C-F4
./src/circular_buffer/cb_pop.c:63: MAJOR:C-F4
./src/circular_buffer/cb_pop.c:64: MAJOR:C-F4
./src/circular_buffer/cb_pop.c:65: MAJOR:C-F4
./src/circular_buffer/cb_pop.c:66: MAJOR:C-F4
./src/circular_buffer/cb_pop.c:67: MAJOR:C-F4
./src/circular_buffer/cb_pop.c:68: MAJOR:C-F4
./src/circular_buffer/cb_pop.c:69: MAJOR:C-F4
./src/circular_buffer/cb_pop.c:70: MAJOR:C-F4
./src/circular_buffer/cb_pop.c:71: MAJOR:C-F4
./src/circular_buffer/cb_pop.c:72: MAJOR:C-F4
./src/circular_buffer/cb_pop.c:73: MAJOR:C-F4
./src/circular_buffer/cb_pop.c:74: MAJOR:C-F4
./src/circular_buffer/cb_pop.c:75: MAJOR:C-F4
./src/circular_buffer/cb_pop.c:76: MAJOR:C-F4
./src/circular_buffer/cb_pop.o:1: MAJOR:C-O1
./src/circular_buffer/cb_push.o:1: MAJOR:C-O1
./src/circular_buffet.d:1: MAJOR:C-O1
./src/circular_buffet.o:1: MAJOR:C-O1
./src/commands/cdup.o:1: MAJOR:C-O1
./src/commands/commands_data.o:1: MAJOR:C-O1
./src/commands/cwd.c:15: MAJOR:C-C1
./src/commands/cwd.o:1: MAJOR:C-O1
./src/commands/dele.o:1: MAJOR:C-O1
./src/commands/help.c:38: MINOR:C-L2
./src/commands/help.o:1: MAJOR:C-O1
./src/commands/list.c:10: MAJOR:C-F6
./src/commands/list.o:1: MAJOR:C-O1
./src/commands/noop.o:1: MAJOR:C-O1
./src/commands/pass.c:15: MINOR:C-L2
./src/commands/pass.c:17: MAJOR:C-C1
./src/commands/pass.c:19: MAJOR:C-C1
./src/commands/pass.c:20: MINOR:C-L2
./src/commands/pass.o:1: MAJOR:C-O1
./src/commands/pasv.c:12: MINOR:C-F8
./src/commands/pasv.c:18: MINOR:C-F8
./src/commands/pasv.c:21: MINOR:C-L2
./src/commands/pasv.c:25: MINOR:C-F8
./src/commands/pasv.c:29: MINOR:C-F8
./src/commands/pasv.c:32: MAJOR:C-F4
./src/commands/pasv.c:32: MINOR:C-L2
./src/commands/pasv.c:33: MAJOR:C-F4
./src/commands/pasv.c:34: MAJOR:C-F4
./src/commands/pasv.c:35: MAJOR:C-F4
./src/commands/pasv.c:36: MAJOR:C-F4
./src/commands/pasv.c:42: MINOR:C-F8
./src/commands/pasv.c:45: MINOR:C-F8
./src/commands/pasv.c:47: MAJOR:C-F3
./src/commands/pasv.c:52: MINOR:C-F8
./src/commands/pasv.c:57: MINOR:C-F8
./src/commands/pasv.c:62: MAJOR:C-F4
./src/commands/pasv.c:62: MINOR:C-F8
./src/commands/pasv.c:63: MAJOR:C-F4
./src/commands/pasv.c:64: MAJOR:C-F4
./src/commands/pasv.c:65: MAJOR:C-F4
./src/commands/pasv.c:66: MAJOR:C-F4
./src/commands/pasv.c:67: MAJOR:C-F4
./src/commands/pasv.c:68: MAJOR:C-F4
./src/commands/pasv.c:68: MINOR:C-L2
./src/commands/pasv.c:69: MAJOR:C-F4
./src/commands/pasv.c:70: MAJOR:C-F4
./src/commands/pasv.o:1: MAJOR:C-O1
./src/commands/port.c:10: MAJOR:C-F6
./src/commands/port.o:1: MAJOR:C-O1
./src/commands/pwd.c:17: MINOR:C-L2
./src/commands/pwd.o:1: MAJOR:C-O1
./src/commands/quit.c:14: MINOR:C-F8
./src/commands/quit.c:15: MINOR:C-F8
./src/commands/quit.o:1: MAJOR:C-O1
./src/commands/retr.c:10: MAJOR:C-F6
./src/commands/retr.o:1: MAJOR:C-O1
./src/commands/stor.c:10: MAJOR:C-F6
./src/commands/stor.o:1: MAJOR:C-O1
./src/commands/store.o:1: MAJOR:C-O1
./src/commands/user.c:16: MAJOR:C-C1
./src/commands/user.o:1: MAJOR:C-O1
./src/handle_new_client.c:32: MAJOR:C-F3
./src/handle_new_client.c:32: MINOR:C-F8
./src/handle_new_client.c:32: MINOR:C-L2
./src/handle_new_client.c:45: MAJOR:C-F4
./src/handle_new_client.c:46: MAJOR:C-F4
./src/handle_new_client.c:47: MAJOR:C-F4
./src/handle_new_client.c:48: MAJOR:C-F4
./src/handle_new_client.c:49: MAJOR:C-F4
./src/handle_new_client.c:50: MAJOR:C-F4
./src/handle_new_client.c:50: MINOR:C-L2
./src/handle_new_client.c:51: MAJOR:C-F4
./src/handle_new_client.c:51: MINOR:C-L2
./src/handle_new_client.o:1: MAJOR:C-O1
./src/init_server.c:21: MINOR:C-L2
./src/init_server.c:22: MINOR:C-L2
./src/init_server.c:43: MINOR:C-L2
./src/init_server.c:54: MAJOR:C-F4
./src/init_server.c:55: MAJOR:C-F4
./src/init_server.c:56: MAJOR:C-F4
./src/init_server.c:57: MAJOR:C-F4
./src/init_server.c:58: MAJOR:C-F4
./src/init_server.c:59: MAJOR:C-F4
./src/init_server.d:1: MAJOR:C-O1
./src/init_server.o:1: MAJOR:C-O1
./src/myFTP_loop.c:1: MINOR:C-O4
./src/myFTP_loop.c:17: MAJOR:C-C1
./src/myFTP_loop.c:22: MAJOR:C-C1
./src/myFTP_loop.c:33: MAJOR:C-F4
./src/myFTP_loop.c:36: MINOR:C-F2
./src/myFTP_loop.c:47: MINOR:C-L2
./src/myFTP_loop.d:1: MAJOR:C-O1
./src/myFTP_loop.o:1: MAJOR:C-O1
./src/parse_commands.c:11: MINOR:C-L2
./src/parse_commands.c:26: MAJOR:C-C1
./src/parse_commands.c:28: MAJOR:C-C1
./src/parse_commands.c:30: MAJOR:C-C1
./src/parse_commands.c:32: MAJOR:C-C1
./src/parse_commands.c:33: MAJOR:C-F4
./src/parse_commands.c:34: MAJOR:C-C1
./src/parse_commands.c:34: MAJOR:C-F4
./src/parse_commands.c:35: MAJOR:C-F4
./src/parse_commands.c:36: MAJOR:C-C1
./src/parse_commands.c:36: MAJOR:C-F4
./src/parse_commands.c:37: MAJOR:C-F4
./src/parse_commands.c:38: MAJOR:C-F4
./src/parse_commands.c:38: MINOR:C-F8
./src/parse_commands.c:39: MAJOR:C-F4
./src/parse_commands.c:40: MAJOR:C-F4
./src/parse_commands.c:41: MAJOR:C-C1
./src/parse_commands.c:41: MAJOR:C-F4
./src/parse_commands.c:41: MINOR:C-L4
./src/parse_commands.c:42: MAJOR:C-F4
./src/parse_commands.c:43: MAJOR:C-F4
./src/parse_commands.c:44: MAJOR:C-F4
./src/parse_commands.c:45: MAJOR:C-F4
./src/parse_commands.c:46: MAJOR:C-F4
./src/parse_commands.c:47: MAJOR:C-F4
./src/parse_commands.c:47: MINOR:C-F8
./src/parse_commands.c:48: MAJOR:C-F4
./src/parse_commands.c:49: MAJOR:C-F4
./src/parse_commands.c:49: MINOR:C-F8
./src/parse_commands.c:50: MAJOR:C-F4
./src/parse_commands.c:50: MINOR:C-F8
./src/parse_commands.c:51: MAJOR:C-F4
./src/parse_commands.c:51: MINOR:C-F8
./src/parse_commands.c:52: MAJOR:C-F4
./src/parse_commands.c:52: MINOR:C-F8
./src/parse_commands.c:53: MAJOR:C-F4
./src/parse_commands.c:53: MINOR:C-F8
./src/parse_commands.c:54: MAJOR:C-F4
./src/parse_commands.c:54: MINOR:C-F8
./src/parse_commands.c:55: MAJOR:C-F4
./src/parse_commands.c:55: MINOR:C-F8
./src/parse_commands.c:56: MAJOR:C-F4
./src/parse_commands.c:56: MINOR:C-F8
./src/parse_commands.c:57: MAJOR:C-F4
./src/parse_commands.c:57: MINOR:C-F8
./src/parse_commands.d:1: MAJOR:C-O1
./src/parse_commands.o:1: MAJOR:C-O1
./src/path_error_handling.c:15: MINOR:C-F8
./src/path_error_handling.c:21: MINOR:C-F8
./src/path_error_handling.c:27: MINOR:C-F8
./src/path_error_handling.c:32: MAJOR:C-F4
./src/path_error_handling.c:33: MAJOR:C-F4
./src/path_error_handling.c:33: MINOR:C-F8
./src/path_error_handling.c:34: MAJOR:C-F4
./src/path_error_handling.c:34: MINOR:C-F8
./src/path_error_handling.c:35: MAJOR:C-F4
./src/path_error_handling.c:36: MAJOR:C-F4
./src/path_error_handling.c:36: MINOR:C-F8
./src/path_error_handling.c:37: MAJOR:C-F4
./src/path_error_handling.c:37: MINOR:C-F8
./src/path_error_handling.c:38: MAJOR:C-F4
./src/path_error_handling.c:38: MINOR:C-F8
./src/path_error_handling.o:1: MAJOR:C-O1
./src/send_resp.o:1: MAJOR:C-O1
./src/signals/signals.c:13: MINOR:C-F8
./src/signals/signals.c:20: MINOR:C-F8
./src/signals/signals.o:1: MAJOR:C-O1
